0 info it worked if it ends with ok
1 verbose cli [ '/usr/bin/node', '/usr/bin/npm', 'i', 'bluebird' ]
2 info using npm@1.4.28
3 info using node@v0.10.38
4 verbose node symlink /usr/bin/node
5 verbose readDependencies using package.json deps
6 verbose cache add [ 'bluebird@^2.9.24', null ]
7 verbose cache add name=undefined spec="bluebird@^2.9.24" args=["bluebird@^2.9.24",null]
8 verbose parsed url { protocol: null,
8 verbose parsed url   slashes: null,
8 verbose parsed url   auth: null,
8 verbose parsed url   host: null,
8 verbose parsed url   port: null,
8 verbose parsed url   hostname: null,
8 verbose parsed url   hash: null,
8 verbose parsed url   search: null,
8 verbose parsed url   query: null,
8 verbose parsed url   pathname: 'bluebird@^2.9.24',
8 verbose parsed url   path: 'bluebird@^2.9.24',
8 verbose parsed url   href: 'bluebird@^2.9.24' }
9 verbose cache add name="bluebird" spec="^2.9.24" args=["bluebird","^2.9.24"]
10 verbose parsed url { protocol: null,
10 verbose parsed url   slashes: null,
10 verbose parsed url   auth: null,
10 verbose parsed url   host: null,
10 verbose parsed url   port: null,
10 verbose parsed url   hostname: null,
10 verbose parsed url   hash: null,
10 verbose parsed url   search: null,
10 verbose parsed url   query: null,
10 verbose parsed url   pathname: '^2.9.24',
10 verbose parsed url   path: '^2.9.24',
10 verbose parsed url   href: '^2.9.24' }
11 verbose addNamed [ 'bluebird', '^2.9.24' ]
12 verbose addNamed [ null, '>=2.9.24-0 <3.0.0-0' ]
13 silly lockFile 0163e6c3-bluebird-2-9-24 bluebird@^2.9.24
14 verbose lock bluebird@^2.9.24 /home/dmitryshamak/.npm/0163e6c3-bluebird-2-9-24.lock
15 silly addNameRange { name: 'bluebird',
15 silly addNameRange   range: '>=2.9.24-0 <3.0.0-0',
15 silly addNameRange   hasData: false }
16 verbose request where is /bluebird
17 verbose request registry https://registry.npmjs.org/
18 verbose request id bb4ccb0417874732
19 verbose url raw /bluebird
20 verbose url resolving [ 'https://registry.npmjs.org/', './bluebird' ]
21 verbose url resolved https://registry.npmjs.org/bluebird
22 verbose request where is https://registry.npmjs.org/bluebird
23 info trying registry request attempt 1 at 10:33:29
24 verbose etag "2T9SNUH7THJ3NLQQ9SE42MITL"
25 http GET https://registry.npmjs.org/bluebird
26 http 304 https://registry.npmjs.org/bluebird
27 silly registry.get cb [ 304,
27 silly registry.get   { date: 'Tue, 12 May 2015 07:33:30 GMT',
27 silly registry.get     via: '1.1 varnish',
27 silly registry.get     'cache-control': 'max-age=60',
27 silly registry.get     etag: '"2T9SNUH7THJ3NLQQ9SE42MITL"',
27 silly registry.get     age: '8',
27 silly registry.get     connection: 'keep-alive',
27 silly registry.get     'x-served-by': 'cache-lcy1127-LCY',
27 silly registry.get     'x-cache': 'HIT',
27 silly registry.get     'x-cache-hits': '1',
27 silly registry.get     'x-timer': 'S1431416010.574084,VS0,VE1',
27 silly registry.get     vary: 'Accept' } ]
28 verbose etag https://registry.npmjs.org/bluebird from cache
29 silly addNameRange number 2 { name: 'bluebird', range: '>=2.9.24-0 <3.0.0-0', hasData: true }
30 silly addNameRange versions [ 'bluebird',
30 silly addNameRange   [ '0.7.1-1',
30 silly addNameRange     '0.7.1-2',
30 silly addNameRange     '0.7.1-3',
30 silly addNameRange     '0.7.1-4',
30 silly addNameRange     '0.7.1-5',
30 silly addNameRange     '0.7.2-0',
30 silly addNameRange     '0.7.3-0',
30 silly addNameRange     '0.7.4-0',
30 silly addNameRange     '0.7.4-1',
30 silly addNameRange     '0.7.5-0',
30 silly addNameRange     '0.7.6-0',
30 silly addNameRange     '0.7.7-0',
30 silly addNameRange     '0.7.7-1',
30 silly addNameRange     '0.7.8-0',
30 silly addNameRange     '0.7.8-1',
30 silly addNameRange     '0.7.9-0',
30 silly addNameRange     '0.7.9-1',
30 silly addNameRange     '0.7.10-0',
30 silly addNameRange     '0.7.10-1',
30 silly addNameRange     '0.7.11-0',
30 silly addNameRange     '0.7.12-0',
30 silly addNameRange     '0.7.12-1',
30 silly addNameRange     '0.7.12-2',
30 silly addNameRange     '0.8.0-0',
30 silly addNameRange     '0.8.0-1',
30 silly addNameRange     '0.8.0-2',
30 silly addNameRange     '0.8.0-3',
30 silly addNameRange     '0.8.1-0',
30 silly addNameRange     '0.8.2-0',
30 silly addNameRange     '0.8.2-1',
30 silly addNameRange     '0.8.2-2',
30 silly addNameRange     '0.8.3-0',
30 silly addNameRange     '0.8.3-1',
30 silly addNameRange     '0.8.3-2',
30 silly addNameRange     '0.8.3-3',
30 silly addNameRange     '0.8.4-0',
30 silly addNameRange     '0.8.4-1',
30 silly addNameRange     '0.8.5-0',
30 silly addNameRange     '0.8.5-1',
30 silly addNameRange     '0.9.0-0',
30 silly addNameRange     '0.9.1-0',
30 silly addNameRange     '0.9.1-1',
30 silly addNameRange     '0.9.2-0',
30 silly addNameRange     '0.9.2-1',
30 silly addNameRange     '0.9.3-0',
30 silly addNameRange     '0.9.4-0',
30 silly addNameRange     '0.9.4-1',
30 silly addNameRange     '0.9.5-0',
30 silly addNameRange     '0.9.6-0',
30 silly addNameRange     '0.9.7-0',
30 silly addNameRange     '0.9.8-0',
30 silly addNameRange     '0.9.9-0',
30 silly addNameRange     '0.9.10-0',
30 silly addNameRange     '0.9.10-1',
30 silly addNameRange     '0.9.11-0',
30 silly addNameRange     '0.9.11-1',
30 silly addNameRange     '0.10.0-0',
30 silly addNameRange     '0.10.0-1',
30 silly addNameRange     '0.10.1-0',
30 silly addNameRange     '0.10.2-0',
30 silly addNameRange     '0.10.2-1',
30 silly addNameRange     '0.10.3-0',
30 silly addNameRange     '0.10.4-0',
30 silly addNameRange     '0.10.4-1',
30 silly addNameRange     '0.10.5-0',
30 silly addNameRange     '0.10.6-0',
30 silly addNameRange     '0.10.7-0',
30 silly addNameRange     '0.10.8-0',
30 silly addNameRange     '0.10.9-0',
30 silly addNameRange     '0.10.9-1',
30 silly addNameRange     '0.10.10-0',
30 silly addNameRange     '0.10.11-0',
30 silly addNameRange     '0.10.11-1',
30 silly addNameRange     '0.10.11-2',
30 silly addNameRange     '0.10.11-4',
30 silly addNameRange     '0.10.12-0',
30 silly addNameRange     '0.10.13-0',
30 silly addNameRange     '0.10.13-1',
30 silly addNameRange     '0.10.14-0',
30 silly addNameRange     '0.11.0-0',
30 silly addNameRange     '0.11.1-0',
30 silly addNameRange     '0.11.2-0',
30 silly addNameRange     '0.11.3-0',
30 silly addNameRange     '0.11.4-0',
30 silly addNameRange     '0.11.4-1',
30 silly addNameRange     '0.11.5-0',
30 silly addNameRange     '0.11.5-1',
30 silly addNameRange     '0.11.6-0',
30 silly addNameRange     '1.0.0',
30 silly addNameRange     '1.0.1',
30 silly addNameRange     '1.0.2',
30 silly addNameRange     '1.0.3',
30 silly addNameRange     '1.0.4',
30 silly addNameRange     '1.0.5',
30 silly addNameRange     '1.0.7',
30 silly addNameRange     '1.0.8',
30 silly addNameRange     '1.1.0',
30 silly addNameRange     '1.1.1',
30 silly addNameRange     '1.2.0',
30 silly addNameRange     '1.2.1',
30 silly addNameRange     '1.2.2',
30 silly addNameRange     '1.2.3',
30 silly addNameRange     '1.2.4',
30 silly addNameRange     '2.0.2',
30 silly addNameRange     '2.0.3',
30 silly addNameRange     '2.0.4',
30 silly addNameRange     '2.0.5',
30 silly addNameRange     '2.0.6',
30 silly addNameRange     '2.0.7',
30 silly addNameRange     '2.1.1',
30 silly addNameRange     '2.1.2',
30 silly addNameRange     '2.1.3',
30 silly addNameRange     '2.2.0',
30 silly addNameRange     '2.2.1',
30 silly addNameRange     '2.2.2',
30 silly addNameRange     '2.3.0',
30 silly addNameRange     '2.3.1',
30 silly addNameRange     '2.3.2',
30 silly addNameRange     '2.3.3',
30 silly addNameRange     '2.3.4',
30 silly addNameRange     '2.3.5',
30 silly addNameRange     '0.11.6',
30 silly addNameRange     '2.3.6',
30 silly addNameRange     '2.3.9',
30 silly addNameRange     '2.3.10',
30 silly addNameRange     '2.3.11',
30 silly addNameRange     '2.4.0',
30 silly addNameRange     '2.4.1',
30 silly addNameRange     '2.4.2',
30 silly addNameRange     '2.4.3',
30 silly addNameRange     '2.5.0',
30 silly addNameRange     '2.5.1',
30 silly addNameRange     '2.5.2',
30 silly addNameRange     '2.5.3',
30 silly addNameRange     '2.6.0',
30 silly addNameRange     '2.6.1',
30 silly addNameRange     '2.6.2',
30 silly addNameRange     '2.6.3',
30 silly addNameRange     '2.6.4',
30 silly addNameRange     '2.7.0',
30 silly addNameRange     '2.7.1',
30 silly addNameRange     '2.8.0',
30 silly addNameRange     '2.8.1',
30 silly addNameRange     '2.8.2',
30 silly addNameRange     '2.9.0',
30 silly addNameRange     '2.9.1',
30 silly addNameRange     '2.9.2',
30 silly addNameRange     '2.9.3',
30 silly addNameRange     '2.9.4',
30 silly addNameRange     '2.9.5',
30 silly addNameRange     '2.9.6',
30 silly addNameRange     '2.9.7',
30 silly addNameRange     '2.9.8',
30 silly addNameRange     '2.9.9',
30 silly addNameRange     '2.9.10',
30 silly addNameRange     '2.9.11',
30 silly addNameRange     '2.9.12',
30 silly addNameRange     '2.9.13',
30 silly addNameRange     '2.9.14',
30 silly addNameRange     '2.9.15',
30 silly addNameRange     '2.9.16',
30 silly addNameRange     '2.9.17',
30 silly addNameRange     '2.9.18',
30 silly addNameRange     '2.9.19',
30 silly addNameRange     '2.9.20',
30 silly addNameRange     '2.9.21',
30 silly addNameRange     '2.9.22',
30 silly addNameRange     '2.9.23',
30 silly addNameRange     '2.9.24',
30 silly addNameRange     '2.9.25' ] ]
31 verbose addNamed [ 'bluebird', '2.9.25' ]
32 verbose addNamed [ '2.9.25', '2.9.25' ]
33 silly lockFile f891b231-bluebird-2-9-25 bluebird@2.9.25
34 verbose lock bluebird@2.9.25 /home/dmitryshamak/.npm/f891b231-bluebird-2-9-25.lock
35 silly lockFile b0d77af2-org-bluebird-bluebird-2-9-25-tgz https://registry.npmjs.org/bluebird/-/bluebird-2.9.25.tgz
36 verbose lock https://registry.npmjs.org/bluebird/-/bluebird-2.9.25.tgz /home/dmitryshamak/.npm/b0d77af2-org-bluebird-bluebird-2-9-25-tgz.lock
37 verbose addRemoteTarball [ 'https://registry.npmjs.org/bluebird/-/bluebird-2.9.25.tgz',
37 verbose addRemoteTarball   '6e36bd04064d9534c07160b9f7f26c5a738fe16a' ]
38 info retry fetch attempt 1 at 10:33:29
39 verbose fetch to= /tmp/npm-20514-lPexz6Dv/registry.npmjs.org/bluebird/-/bluebird-2.9.25.tgz
40 http GET https://registry.npmjs.org/bluebird/-/bluebird-2.9.25.tgz
41 http 200 https://registry.npmjs.org/bluebird/-/bluebird-2.9.25.tgz
42 silly lockFile b0d77af2-org-bluebird-bluebird-2-9-25-tgz https://registry.npmjs.org/bluebird/-/bluebird-2.9.25.tgz
43 silly lockFile b0d77af2-org-bluebird-bluebird-2-9-25-tgz https://registry.npmjs.org/bluebird/-/bluebird-2.9.25.tgz
44 silly lockFile f891b231-bluebird-2-9-25 bluebird@2.9.25
45 silly lockFile f891b231-bluebird-2-9-25 bluebird@2.9.25
46 silly lockFile 0163e6c3-bluebird-2-9-24 bluebird@^2.9.24
47 silly lockFile 0163e6c3-bluebird-2-9-24 bluebird@^2.9.24
48 error Error: EACCES, mkdir '/home/dmitryshamak/.npm/bluebird/2.9.25'
48 error  { [Error: EACCES, mkdir '/home/dmitryshamak/.npm/bluebird/2.9.25']
48 error   errno: 3,
48 error   code: 'EACCES',
48 error   path: '/home/dmitryshamak/.npm/bluebird/2.9.25',
48 error   parent: 'Dmitry' }
49 error Please try running this command again as root/Administrator.
50 error System Linux 3.13.0-52-generic
51 error command "/usr/bin/node" "/usr/bin/npm" "i" "bluebird"
52 error cwd /home/dmitryshamak/projects/dashboard
53 error node -v v0.10.38
54 error npm -v 1.4.28
55 error path /home/dmitryshamak/.npm/bluebird/2.9.25
56 error code EACCES
57 error errno 3
58 error stack Error: EACCES, mkdir '/home/dmitryshamak/.npm/bluebird/2.9.25'
59 verbose exit [ 3, true ]
